<?xml version="1.0" encoding="UTF-8"?>
<coverage generated="1660679976359" clover="3.2.0">
  <project timestamp="1660679976359" name="All files">
    <metrics statements="3" coveredstatements="2" conditionals="0" coveredconditionals="0" methods="2" coveredmethods="2" elements="5" coveredelements="4" complexity="0" loc="3" ncloc="3" packages="1" files="2" classes="2"/>
    <file name="App.tsx" path="C:\Users\abelp\Documents\GitHub\vite-project\src\App.tsx">
      <metrics statements="2" coveredstatements="2" conditionals="0" coveredconditionals="0" methods="2" coveredmethods="2"/>
      <line num="4" count="1" type="stmt"/>
      <line num="12" count="1" type="stmt"/>
    </file>
    <file name="main.tsx" path="C:\Users\abelp\Documents\GitHub\vite-project\src\main.tsx">
      <metrics statements="1" coveredstatements="0" conditionals="0" coveredconditionals="0" methods="0" coveredmethods="0"/>
      <line num="6" count="0" type="stmt"/>
    </file>
  </project>
</coverage>
