{"C:\\Users\\abelp\\Documents\\GitHub\\vite-project\\src\\App.tsx": {"path":"C:\\Users\\abelp\\Documents\\GitHub\\vite-project\\src\\App.tsx","statementMap":{"0":{"start":{"line":4,"column":2},"end":{"line":8,"column":4}},"1":{"start":{"line":12,"column":2},"end":{"line":12,"column":25}}},"fnMap":{"0":{"name":"Hello","decl":{"start":{"line":3,"column":9},"end":{"line":3,"column":14}},"loc":{"start":{"line":3,"column":17},"end":{"line":9,"column":1}},"line":3},"1":{"name":"App","decl":{"start":{"line":11,"column":9},"end":{"line":11,"column":12}},"loc":{"start":{"line":11,"column":15},"end":{"line":13,"column":1}},"line":11}},"branchMap":{},"s":{"0":1,"1":1},"f":{"0":1,"1":1},"b":{},"_coverageSchema":"1a1c01bbd47fc00a2c39e90264f33305004495a9","hash":"d514d1e3518818f7895d68fe4732621ddf8a677e"}
,"C:\\Users\\abelp\\Documents\\GitHub\\vite-project\\src\\main.tsx": {"path":"C:\\Users\\abelp\\Documents\\GitHub\\vite-project\\src\\main.tsx","statementMap":{"0":{"start":{"line":6,"column":0},"end":{"line":10,"column":2}}},"fnMap":{},"branchMap":{},"s":{"0":0},"f":{},"b":{}}
}
